<?xml version="1.0" encoding="UTF-8"?>
<!-- Generated by org.testng.reporters.JUnitReportReporter -->
<testsuite hostname="TYSS-Kishore-Gopi" failures="0" tests="1" name="testcases.GettingProductTest" time="8.575" errors="0" timestamp="2024-09-13T20:32:48 IST" skipped="0">
  <testcase classname="testcases.GettingProductTest" name="firstTest" time="8.575"/>
  <system-out/>
</testsuite> <!-- testcases.GettingProductTest -->
