<?xml version="1.0" encoding="UTF-8"?>
<!-- Generated by org.testng.reporters.JUnitReportReporter -->
<testsuite hostname="TYSS-Kishore-Gopi" failures="0" tests="1" name="testcases.CreatePortfolioTest" time="11.629" errors="0" timestamp="2024-10-13T14:06:38 IST" skipped="0">
  <testcase classname="testcases.CreatePortfolioTest" name="createPortFolioTest" time="11.629"/>
  <system-out/>
</testsuite> <!-- testcases.CreatePortfolioTest -->
