<?xml version="1.0" encoding="UTF-8"?>
<!-- Generated by org.testng.reporters.JUnitReportReporter -->
<testsuite hostname="TYSS-Kishore-Gopi" failures="0" tests="1" name="testcases.PlaceOrder" time="21.663" errors="0" timestamp="2024-09-13T20:32:48 IST" skipped="0">
  <testcase classname="testcases.PlaceOrder" name="firstTest" time="21.663"/>
  <system-out/>
</testsuite> <!-- testcases.PlaceOrder -->
