<?xml version="1.0" encoding="UTF-8"?>
<!-- Generated by org.testng.reporters.JUnitReportReporter -->
<testsuite hostname="TYSS-Kishore-Gopi" failures="0" tests="1" name="samplePkg.StandAloneTest" time="21.745" errors="0" timestamp="2024-09-13T20:23:38 IST" skipped="0">
  <testcase classname="samplePkg.StandAloneTest" name="firstTest" time="21.745"/>
  <system-out/>
</testsuite> <!-- samplePkg.StandAloneTest -->
