<?xml version="1.0" encoding="UTF-8"?>
<!-- Generated by org.testng.reporters.JUnitReportReporter -->
<testsuite hostname="TYSS-Kishore-Gopi" failures="0" tests="1" name="samplePkg.StandAloneTest" time="25.467" errors="0" timestamp="2024-10-13T14:07:43 IST" skipped="0">
  <testcase classname="samplePkg.StandAloneTest" name="firstTest" time="25.467"/>
  <system-out/>
</testsuite> <!-- samplePkg.StandAloneTest -->
